This file contains any messages produced by compilers while
running configure, to aid debugging if configure makes a mistake.

It was created by DataSample configure 1.0.7, which was
generated by GNU Autoconf 2.59.  Invocation command line was

  $ ./configure --prefix=/homedtic/bbonet/software/downward/fast-downward/src/search/lp/coin CC=gcc CXX=g++ --prefix /homedtic/bbonet/software/downward/fast-downward/src/search/lp/coin --without-lapack --enable-static=yes --with-cplex-incdir=/homedtic/bbonet/software/downward/fast-downward/src/lplib/cplex/include/ilcplex --with-cplex-lib=-L/homedtic/bbonet/software/downward/fast-downward/src/lplib/cplex/bin/x86-64_sles10_4.1 -lcplex1251 -lpthread --cache-file=/dev/null --srcdir=.

## --------- ##
## Platform. ##
## --------- ##

hostname = login
uname -m = x86_64
uname -r = 3.2.0-4-amd64
uname -s = Linux
uname -v = #1 SMP Debian 3.2.46-1

/usr/bin/uname -p = unknown
/bin/uname -X     = unknown

/bin/arch              = unknown
/usr/bin/arch -k       = unknown
/usr/convex/getsysinfo = unknown
hostinfo               = unknown
/bin/machine           = unknown
/usr/bin/oslevel       = unknown
/bin/universe          = unknown

PATH: /homedtic/bbonet/bin
PATH: /sge/bin/linux-x64
PATH: /usr/local/bin
PATH: /usr/bin
PATH: /bin
PATH: /usr/local/games
PATH: /usr/games
PATH: /usr/local/clues/0.89


## ----------- ##
## Core tests. ##
## ----------- ##

configure:1340: checking for egrep
configure:1350: result: grep -E
configure:1394: checking for a BSD-compatible install
configure:1449: result: /usr/bin/install -c
configure:1460: checking whether build environment is sane
configure:1503: result: yes
configure:1568: checking for gawk
configure:1584: found /usr/bin/gawk
configure:1594: result: gawk
configure:1604: checking whether make sets $(MAKE)
configure:1624: result: yes
configure:1796: checking whether to enable maintainer-specific portions of Makefiles
configure:1805: result: no
configure:2211: checking for style of include used by make
configure:2239: result: GNU
configure:2310: checking for gcc
configure:2336: result: gcc
configure:2580: checking for C compiler version
configure:2583: gcc --version </dev/null >&5
gcc (Debian 4.7.2-5) 4.7.2
Copyright (C) 2012 Free Software Foundation, Inc.
This is free software; see the source for copying conditions.  There is NO
warranty; not even for MERCHANTABILITY or FITNESS FOR A PARTICULAR PURPOSE.

configure:2586: $? = 0
configure:2588: gcc -v </dev/null >&5
Using built-in specs.
COLLECT_GCC=gcc
COLLECT_LTO_WRAPPER=/usr/lib/gcc/x86_64-linux-gnu/4.7/lto-wrapper
Target: x86_64-linux-gnu
Configured with: ../src/configure -v --with-pkgversion='Debian 4.7.2-5' --with-bugurl=file:///usr/share/doc/gcc-4.7/README.Bugs --enable-languages=c,c++,go,fortran,objc,obj-c++ --prefix=/usr --program-suffix=-4.7 --enable-shared --enable-linker-build-id --with-system-zlib --libexecdir=/usr/lib --without-included-gettext --enable-threads=posix --with-gxx-include-dir=/usr/include/c++/4.7 --libdir=/usr/lib --enable-nls --with-sysroot=/ --enable-clocale=gnu --enable-libstdcxx-debug --enable-libstdcxx-time=yes --enable-gnu-unique-object --enable-plugin --enable-objc-gc --with-arch-32=i586 --with-tune=generic --enable-checking=release --build=x86_64-linux-gnu --host=x86_64-linux-gnu --target=x86_64-linux-gnu
Thread model: posix
gcc version 4.7.2 (Debian 4.7.2-5) 
configure:2591: $? = 0
configure:2593: gcc -V </dev/null >&5
gcc: error: unrecognized command line option '-V'
gcc: fatal error: no input files
compilation terminated.
configure:2596: $? = 4
configure:2619: checking for C compiler default output file name
configure:2622: gcc    conftest.c  >&5
configure:2625: $? = 0
configure:2671: result: a.out
configure:2676: checking whether the C compiler works
configure:2682: ./a.out
configure:2685: $? = 0
configure:2702: result: yes
configure:2709: checking whether we are cross compiling
configure:2711: result: no
configure:2714: checking for suffix of executables
configure:2716: gcc -o conftest    conftest.c  >&5
configure:2719: $? = 0
configure:2744: result: 
configure:2750: checking for suffix of object files
configure:2771: gcc -c   conftest.c >&5
configure:2774: $? = 0
configure:2796: result: o
configure:2800: checking whether we are using the GNU C compiler
configure:2824: gcc -c   conftest.c >&5
configure:2830: $? = 0
configure:2834: test -z 
			 || test ! -s conftest.err
configure:2837: $? = 0
configure:2840: test -s conftest.o
configure:2843: $? = 0
configure:2856: result: yes
configure:2862: checking whether gcc accepts -g
configure:2883: gcc -c -g  conftest.c >&5
configure:2889: $? = 0
configure:2893: test -z 
			 || test ! -s conftest.err
configure:2896: $? = 0
configure:2899: test -s conftest.o
configure:2902: $? = 0
configure:2913: result: yes
configure:2930: checking for gcc option to accept ANSI C
configure:3000: gcc  -c -g -O2  conftest.c >&5
configure:3006: $? = 0
configure:3010: test -z 
			 || test ! -s conftest.err
configure:3013: $? = 0
configure:3016: test -s conftest.o
configure:3019: $? = 0
configure:3037: result: none needed
configure:3055: gcc -c -g -O2  conftest.c >&5
conftest.c:2:3: error: unknown type name 'choke'
conftest.c:2:3: error: expected '=', ',', ';', 'asm' or '__attribute__' at end of input
configure:3061: $? = 1
configure: failed program was:
| #ifndef __cplusplus
|   choke me
| #endif
configure:3196: checking dependency style of gcc
configure:3286: result: gcc3
configure:3309: checking how to run the C preprocessor
configure:3344: gcc -E  conftest.c
configure:3350: $? = 0
configure:3382: gcc -E  conftest.c
conftest.c:11:28: fatal error: ac_nonexistent.h: No such file or directory
compilation terminated.
configure:3388: $? = 1
configure: failed program was:
| /* confdefs.h.  */
| 
| #define PACKAGE_NAME "DataSample"
| #define PACKAGE_TARNAME "datasample"
| #define PACKAGE_VERSION "1.0.7"
| #define PACKAGE_STRING "DataSample 1.0.7"
| #define PACKAGE_BUGREPORT "https://projects.coin-or.org/BuildTools/"
| #define PACKAGE "datasample"
| #define VERSION "1.0.7"
| /* end confdefs.h.  */
| #include <ac_nonexistent.h>
configure:3427: result: gcc -E
configure:3451: gcc -E  conftest.c
configure:3457: $? = 0
configure:3489: gcc -E  conftest.c
conftest.c:11:28: fatal error: ac_nonexistent.h: No such file or directory
compilation terminated.
configure:3495: $? = 1
configure: failed program was:
| /* confdefs.h.  */
| 
| #define PACKAGE_NAME "DataSample"
| #define PACKAGE_TARNAME "datasample"
| #define PACKAGE_VERSION "1.0.7"
| #define PACKAGE_STRING "DataSample 1.0.7"
| #define PACKAGE_BUGREPORT "https://projects.coin-or.org/BuildTools/"
| #define PACKAGE "datasample"
| #define VERSION "1.0.7"
| /* end confdefs.h.  */
| #include <ac_nonexistent.h>
configure:3539: checking for ANSI C header files
configure:3564: gcc -c -g -O2  conftest.c >&5
configure:3570: $? = 0
configure:3574: test -z 
			 || test ! -s conftest.err
configure:3577: $? = 0
configure:3580: test -s conftest.o
configure:3583: $? = 0
configure:3672: gcc -o conftest -g -O2   conftest.c  >&5
conftest.c: In function 'main':
conftest.c:28:7: warning: incompatible implicit declaration of built-in function 'exit' [enabled by default]
configure:3675: $? = 0
configure:3677: ./conftest
configure:3680: $? = 0
configure:3695: result: yes
configure:3719: checking for sys/types.h
configure:3735: gcc -c -g -O2  conftest.c >&5
configure:3741: $? = 0
configure:3745: test -z 
			 || test ! -s conftest.err
configure:3748: $? = 0
configure:3751: test -s conftest.o
configure:3754: $? = 0
configure:3765: result: yes
configure:3719: checking for sys/stat.h
configure:3735: gcc -c -g -O2  conftest.c >&5
configure:3741: $? = 0
configure:3745: test -z 
			 || test ! -s conftest.err
configure:3748: $? = 0
configure:3751: test -s conftest.o
configure:3754: $? = 0
configure:3765: result: yes
configure:3719: checking for stdlib.h
configure:3735: gcc -c -g -O2  conftest.c >&5
configure:3741: $? = 0
configure:3745: test -z 
			 || test ! -s conftest.err
configure:3748: $? = 0
configure:3751: test -s conftest.o
configure:3754: $? = 0
configure:3765: result: yes
configure:3719: checking for string.h
configure:3735: gcc -c -g -O2  conftest.c >&5
configure:3741: $? = 0
configure:3745: test -z 
			 || test ! -s conftest.err
configure:3748: $? = 0
configure:3751: test -s conftest.o
configure:3754: $? = 0
configure:3765: result: yes
configure:3719: checking for memory.h
configure:3735: gcc -c -g -O2  conftest.c >&5
configure:3741: $? = 0
configure:3745: test -z 
			 || test ! -s conftest.err
configure:3748: $? = 0
configure:3751: test -s conftest.o
configure:3754: $? = 0
configure:3765: result: yes
configure:3719: checking for strings.h
configure:3735: gcc -c -g -O2  conftest.c >&5
configure:3741: $? = 0
configure:3745: test -z 
			 || test ! -s conftest.err
configure:3748: $? = 0
configure:3751: test -s conftest.o
configure:3754: $? = 0
configure:3765: result: yes
configure:3719: checking for inttypes.h
configure:3735: gcc -c -g -O2  conftest.c >&5
configure:3741: $? = 0
configure:3745: test -z 
			 || test ! -s conftest.err
configure:3748: $? = 0
configure:3751: test -s conftest.o
configure:3754: $? = 0
configure:3765: result: yes
configure:3719: checking for stdint.h
configure:3735: gcc -c -g -O2  conftest.c >&5
configure:3741: $? = 0
configure:3745: test -z 
			 || test ! -s conftest.err
configure:3748: $? = 0
configure:3751: test -s conftest.o
configure:3754: $? = 0
configure:3765: result: yes
configure:3719: checking for unistd.h
configure:3735: gcc -c -g -O2  conftest.c >&5
configure:3741: $? = 0
configure:3745: test -z 
			 || test ! -s conftest.err
configure:3748: $? = 0
configure:3751: test -s conftest.o
configure:3754: $? = 0
configure:3765: result: yes
configure:4036: checking whether this is a VPATH configuration
configure:4043: result: no
configure:4241: checking which command should be used to link input files
configure:4251: result: 
configure:4455: creating ./config.status

## ---------------------- ##
## Running config.status. ##
## ---------------------- ##

This file was extended by DataSample config.status 1.0.7, which was
generated by GNU Autoconf 2.59.  Invocation command line was

  CONFIG_FILES    = 
  CONFIG_HEADERS  = 
  CONFIG_LINKS    = 
  CONFIG_COMMANDS = 
  $ ./config.status 

on login

config.status:704: creating Makefile
config.status:887: executing depfiles commands
configure:5570: Main configuration of DataSample successful

## ---------------- ##
## Cache variables. ##
## ---------------- ##

ac_cv_c_compiler_gnu=yes
ac_cv_env_CC_set=set
ac_cv_env_CC_value=gcc
ac_cv_env_CFLAGS_set=
ac_cv_env_CFLAGS_value=
ac_cv_env_CPPFLAGS_set=
ac_cv_env_CPPFLAGS_value=
ac_cv_env_CPP_set=
ac_cv_env_CPP_value=
ac_cv_env_LDFLAGS_set=
ac_cv_env_LDFLAGS_value=
ac_cv_env_build_alias_set=
ac_cv_env_build_alias_value=
ac_cv_env_host_alias_set=
ac_cv_env_host_alias_value=
ac_cv_env_target_alias_set=
ac_cv_env_target_alias_value=
ac_cv_exeext=
ac_cv_header_inttypes_h=yes
ac_cv_header_memory_h=yes
ac_cv_header_stdc=yes
ac_cv_header_stdint_h=yes
ac_cv_header_stdlib_h=yes
ac_cv_header_string_h=yes
ac_cv_header_strings_h=yes
ac_cv_header_sys_stat_h=yes
ac_cv_header_sys_types_h=yes
ac_cv_header_unistd_h=yes
ac_cv_objext=o
ac_cv_path_install='/usr/bin/install -c'
ac_cv_prog_AWK=gawk
ac_cv_prog_CPP='gcc -E'
ac_cv_prog_ac_ct_CC=gcc
ac_cv_prog_cc_g=yes
ac_cv_prog_cc_stdc=
ac_cv_prog_egrep='grep -E'
ac_cv_prog_make_make_set=yes
am_cv_CC_dependencies_compiler_type=gcc3

## ----------------- ##
## Output variables. ##
## ----------------- ##

ACLOCAL='${SHELL} /homedtic/bbonet/software/downward/fast-downward/src/search/lp/Osi-0.103.0/missing --run aclocal-1.9'
AMDEPBACKSLASH='\'
AMDEP_FALSE='#'
AMDEP_TRUE=''
AMTAR='${SHELL} /homedtic/bbonet/software/downward/fast-downward/src/search/lp/Osi-0.103.0/missing --run tar'
AUTOCONF='${SHELL} /homedtic/bbonet/software/downward/fast-downward/src/search/lp/Osi-0.103.0/missing --run autoconf'
AUTOHEADER='${SHELL} /homedtic/bbonet/software/downward/fast-downward/src/search/lp/Osi-0.103.0/missing --run autoheader'
AUTOMAKE='${SHELL} /homedtic/bbonet/software/downward/fast-downward/src/search/lp/Osi-0.103.0/missing --run automake-1.9'
AUX_DIR=''
AWK='gawk'
BUILDTOOLSDIR=''
CC='gcc'
CCDEPMODE='depmode=gcc3'
CFLAGS='-g -O2'
COIN_HAS_ZLIB_FALSE=''
COIN_HAS_ZLIB_TRUE='#'
CPP='gcc -E'
CPPFLAGS=''
CYGPATH_W='echo'
DEFS='-DPACKAGE_NAME=\"DataSample\" -DPACKAGE_TARNAME=\"datasample\" -DPACKAGE_VERSION=\"1.0.7\" -DPACKAGE_STRING=\"DataSample\ 1.0.7\" -DPACKAGE_BUGREPORT=\"https://projects.coin-or.org/BuildTools/\" -DPACKAGE=\"datasample\" -DVERSION=\"1.0.7\" -DSTDC_HEADERS=1 -DHAVE_SYS_TYPES_H=1 -DHAVE_SYS_STAT_H=1 -DHAVE_STDLIB_H=1 -DHAVE_STRING_H=1 -DHAVE_MEMORY_H=1 -DHAVE_STRINGS_H=1 -DHAVE_INTTYPES_H=1 -DHAVE_STDINT_H=1 -DHAVE_UNISTD_H=1 '
DEPDIR='.deps'
ECHO_C=''
ECHO_N='-n'
ECHO_T=''
EGREP='grep -E'
EXAMPLE_CLEAN_FILES=''
EXAMPLE_FILES=' afiro.mps brandy.mps e226.mps exmip1.5.mps exmip1.mps finnis.mps hello.mps nw460.mps p0033.mps p0201.mps p0548.mps pack1.mps scOneInt.mps share2qp.mps tp3.mps tp4.mps tp5.mps input.130 app0110.cor app0110.stoch app0110.time app0110R.cor app0110R.stoch app0110R.time bug.cor bug.stoch bug.time'
EXAMPLE_UNCOMPRESSED_FILES=''
EXEEXT=''
HAVE_EXTERNALS_FALSE=''
HAVE_EXTERNALS_TRUE='#'
INSTALL_DATA='${INSTALL} -m 644'
INSTALL_PROGRAM='${INSTALL}'
INSTALL_SCRIPT='${INSTALL}'
INSTALL_STRIP_PROGRAM='${SHELL} $(install_sh) -c -s'
LDFLAGS=''
LIBEXT='a'
LIBOBJS=''
LIBS=''
LIBTOOLM4=''
LN_S=''
LTLIBOBJS=''
MAINT='#'
MAINTAINER_MODE_FALSE=''
MAINTAINER_MODE_TRUE='#'
MAKEINFO='${SHELL} /homedtic/bbonet/software/downward/fast-downward/src/search/lp/Osi-0.103.0/missing --run makeinfo'
OBJEXT='o'
PACKAGE='datasample'
PACKAGE_BUGREPORT='https://projects.coin-or.org/BuildTools/'
PACKAGE_NAME='DataSample'
PACKAGE_STRING='DataSample 1.0.7'
PACKAGE_TARNAME='datasample'
PACKAGE_VERSION='1.0.7'
PATH_SEPARATOR=':'
SET_MAKE=''
SHELL='/bin/bash'
STRIP=''
VERSION='1.0.7'
VPATH_DISTCLEANFILES=''
abs_bin_dir='/homedtic/bbonet/software/downward/fast-downward/src/search/lp/Osi-0.103.0/Data/Sample/bin'
abs_include_dir='/homedtic/bbonet/software/downward/fast-downward/src/search/lp/Osi-0.103.0/Data/Sample/include'
abs_lib_dir='/homedtic/bbonet/software/downward/fast-downward/src/search/lp/Osi-0.103.0/Data/Sample/lib'
abs_source_dir='/homedtic/bbonet/software/downward/fast-downward/src/search/lp/Osi-0.103.0/Data/Sample'
ac_ct_CC='gcc'
ac_ct_STRIP=''
am__fastdepCC_FALSE='#'
am__fastdepCC_TRUE=''
am__include='include'
am__leading_dot='.'
am__quote=''
am__tar='${AMTAR} chof - "$$tardir"'
am__untar='${AMTAR} xf -'
bindir='${exec_prefix}/bin'
build_alias=''
datadir='${prefix}/share'
exec_prefix='${prefix}'
have_autoconf=''
have_automake=''
have_svn=''
host_alias=''
includedir='${prefix}/include'
infodir='${prefix}/info'
install_sh='/homedtic/bbonet/software/downward/fast-downward/src/search/lp/Osi-0.103.0/install-sh'
libdir='${exec_prefix}/lib'
libexecdir='${exec_prefix}/libexec'
localstatedir='${prefix}/var'
mandir='${prefix}/man'
mkdir_p='mkdir -p --'
oldincludedir='/usr/include'
prefix='/homedtic/bbonet/software/downward/fast-downward/src/search/lp/coin'
program_transform_name='s,x,x,'
sbindir='${exec_prefix}/sbin'
sharedstatedir='${prefix}/com'
sysconfdir='${prefix}/etc'
target_alias=''

## ----------- ##
## confdefs.h. ##
## ----------- ##

#define HAVE_INTTYPES_H 1
#define HAVE_MEMORY_H 1
#define HAVE_STDINT_H 1
#define HAVE_STDLIB_H 1
#define HAVE_STRINGS_H 1
#define HAVE_STRING_H 1
#define HAVE_SYS_STAT_H 1
#define HAVE_SYS_TYPES_H 1
#define HAVE_UNISTD_H 1
#define PACKAGE "datasample"
#define PACKAGE_BUGREPORT "https://projects.coin-or.org/BuildTools/"
#define PACKAGE_NAME "DataSample"
#define PACKAGE_STRING "DataSample 1.0.7"
#define PACKAGE_TARNAME "datasample"
#define PACKAGE_VERSION "1.0.7"
#define STDC_HEADERS 1
#define VERSION "1.0.7"

configure: exit 0
